<?xml version="1.0" encoding="UTF-8"?>
<!-- Generated by org.testng.reporters.JUnitReportReporter -->
<testsuite hostname="PC" name="TestS1" tests="1" failures="0" timestamp="20 Jul 2015 15:02:12 GMT" time="42.164" errors="0">
  <testcase name="testSuite1" time="42.164" classname="TestS1"/>
</testsuite> <!-- TestS1 -->
